[dotenv@17.2.3] injecting env (0) from .env -- tip: 📡 add observability to secrets: https://dotenvx.com/ops
[dotenv@17.2.3] injecting env (4) from .env.local -- tip: 🗂️ backup and recover secrets: https://dotenvx.com/ops

🏷️  开始识别产品品牌和类别...

正在查询数据库...
找到 628 个未分类产品 (shard 1/2)

[1/628] designer-bag-1768442171402r8bg
   ❌ 识别失败
   ⏳ Rate limited (status 502), retrying in 2359ms...
   ⏳ Rate limited (status 502), retrying in 4272ms...
   ⏳ Rate limited (status 502), retrying in 8095ms...
   📁 Created category: Wallet
   ⏳ Rate limited (status 502), retrying in 16495ms...
   ⏳ Rate limited (status 502), retrying in 32350ms...
   📁 Created category: Belt
   ⏳ Rate limited (status 502), retrying in 64327ms...
   📁 Created category: Ring
   📁 Created category: Messika
   📁 Created category: Bracelet
   📁 Created category: Ring
   📁 Created category: Bracelet
   📁 Created category: Earrings
   ⏳ Rate limited (status 502), retrying in 2490ms...
   📁 Created category: Art Deco
   📁 Created category: Ring
   📁 Created category: Tiffany & Co.
   📁 Created category: Bracelet
   📁 Created category: Earrings
   ⏳ Rate limited (status 502), retrying in 4356ms...
   📁 Created category: Necklace
   📁 Created category: Necklace
   ⏳ Rate limited (status 502), retrying in 8216ms...
   ⏳ Rate limited (status 502), retrying in 16414ms...
   📁 Created category: Necklace
   📁 Created category: Earrings
   ⏳ Rate limited (status 502), retrying in 32422ms...
   ⏳ Rate limited (status 502), retrying in 64453ms...
   📁 Created category: Chopard
   📁 Created category: Jewelry Set
   📁 Created category: Hair Clip
   📁 Created category: Necklace
   📁 Created category: Sunglasses
   📁 Created category: Hair Clip
   📁 Created category: Sunglasses
   📁 Created category: Givenchy
   📁 Created category: Clutch
   📁 Created category: Kubo
   📁 Created category: Eyeglasses
[201/628] designer-bag-1768409190090xtpw
   ❌ 识别失败
   📁 Created category: Sunglasses
   📁 Created category: Maison Margiela
   📁 Created category: T-Shirt
   📁 Created category: Sunglasses
   📁 Created category: Bracelet
   📁 Created category: Chrome Hearts
   📁 Created category: Sunglasses
   📁 Created category: Eyeglasses
   📁 Created category: Sunglasses
   ⏳ Rate limited (status 429), retrying in 2363ms...
   ⏳ Rate limited (status 429), retrying in 2032ms...
   ⏳ Rate limited (status 429), retrying in 4115ms...
   ⏳ Rate limited (status 429), retrying in 4101ms...
   ⏳ Rate limited (status 429), retrying in 8219ms...
   ⏳ Rate limited (status 429), retrying in 8124ms...
   ⏳ Rate limited (status 429), retrying in 16081ms...
   ⏳ Rate limited (status 429), retrying in 16062ms...
   ⏳ Rate limited (status 429), retrying in 32089ms...
   ⏳ Rate limited (status 429), retrying in 32425ms...
   ⏳ Rate limited (status 429), retrying in 64193ms...
   ⏳ Rate limited (status 429), retrying in 64016ms...
   ⏳ Rate limited (status 429), retrying in 2285ms...
   ⏳ Rate limited (status 429), retrying in 2063ms...
   ⏳ Rate limited (status 429), retrying in 4147ms...
   ⏳ Rate limited (status 429), retrying in 4485ms...
   ⏳ Rate limited (status 429), retrying in 8282ms...
   ⏳ Rate limited (status 429), retrying in 8286ms...
   ⏳ Rate limited (status 429), retrying in 16338ms...
   ⏳ Rate limited (status 429), retrying in 16475ms...
   ⏳ Rate limited (status 429), retrying in 32190ms...
   ⏳ Rate limited (status 429), retrying in 32329ms...
   ⏳ Rate limited (status 429), retrying in 64138ms...
   ⏳ Rate limited (status 429), retrying in 64390ms...
   ⏳ Rate limited (status 429), retrying in 2105ms...
   ⏳ Rate limited (status 429), retrying in 2385ms...
   ⏳ Rate limited (status 429), retrying in 4379ms...
   ⏳ Rate limited (status 429), retrying in 4330ms...
   ⏳ Rate limited (status 429), retrying in 8154ms...
   ⏳ Rate limited (status 429), retrying in 8475ms...
   ⏳ Rate limited (status 429), retrying in 16272ms...
   ⏳ Rate limited (status 429), retrying in 16330ms...
   ⏳ Rate limited (status 429), retrying in 32105ms...
   ⏳ Rate limited (status 429), retrying in 32020ms...
   ⏳ Rate limited (status 429), retrying in 64394ms...
   ⏳ Rate limited (status 429), retrying in 64145ms...
   ⏳ Rate limited (status 429), retrying in 2017ms...
   ⏳ Rate limited (status 429), retrying in 2072ms...
   ⏳ Rate limited (status 429), retrying in 4163ms...
   ⏳ Rate limited (status 429), retrying in 4492ms...
   ⏳ Rate limited (status 429), retrying in 8245ms...
   ⏳ Rate limited (status 429), retrying in 8187ms...
   ⏳ Rate limited (status 429), retrying in 16496ms...
   ⏳ Rate limited (status 429), retrying in 16251ms...
   ⏳ Rate limited (status 429), retrying in 32144ms...
   ⏳ Rate limited (status 429), retrying in 32212ms...
   ⏳ Rate limited (status 429), retrying in 64204ms...
   ⏳ Rate limited (status 429), retrying in 64222ms...
   ⏳ Rate limited (status 429), retrying in 2350ms...
   ⏳ Rate limited (status 429), retrying in 4134ms...
   ⏳ Rate limited (status 429), retrying in 8069ms...
   ⏳ Rate limited (status 429), retrying in 2336ms...
   ⏳ Rate limited (status 429), retrying in 16195ms...
   ⏳ Rate limited (status 429), retrying in 4113ms...
   ⏳ Rate limited (status 429), retrying in 8034ms...
   ⏳ Rate limited (status 429), retrying in 32324ms...
   ⏳ Rate limited (status 429), retrying in 16219ms...
   ⏳ Rate limited (status 429), retrying in 32334ms...
   ⏳ Rate limited (status 429), retrying in 64349ms...
   ⏳ Rate limited (status 429), retrying in 64352ms...
   ⏳ Rate limited (status 429), retrying in 2180ms...
   ⏳ Rate limited (status 429), retrying in 4390ms...
   ⏳ Rate limited (status 429), retrying in 8167ms...
   ⏳ Rate limited (status 429), retrying in 16356ms...
   ⏳ Rate limited (status 429), retrying in 2139ms...
   ⏳ Rate limited (status 429), retrying in 4391ms...
   ⏳ Rate limited (status 429), retrying in 32232ms...
   ⏳ Rate limited (status 429), retrying in 8401ms...
   ⏳ Rate limited (status 429), retrying in 16033ms...
   ⏳ Rate limited (status 429), retrying in 32410ms...
   ⏳ Rate limited (status 429), retrying in 64147ms...
   ⏳ Rate limited (status 429), retrying in 64485ms...
   ⏳ Rate limited (status 429), retrying in 2252ms...
   ⏳ Rate limited (status 429), retrying in 4365ms...
   ⏳ Rate limited (status 429), retrying in 8013ms...
   ⏳ Rate limited (status 429), retrying in 16261ms...
   ⏳ Rate limited (status 429), retrying in 2088ms...
   ⏳ Rate limited (status 429), retrying in 4318ms...
   ⏳ Rate limited (status 429), retrying in 32201ms...
   ⏳ Rate limited (status 429), retrying in 8414ms...
   ⏳ Rate limited (status 429), retrying in 16411ms...
   ⏳ Rate limited (status 429), retrying in 64153ms...
   ⏳ Rate limited (status 429), retrying in 32465ms...
   ⏳ Rate limited (status 429), retrying in 64096ms...
   ⏳ Rate limited (status 429), retrying in 2251ms...
   ⏳ Rate limited (status 429), retrying in 4371ms...
   ⏳ Rate limited (status 429), retrying in 8273ms...
   ⏳ Rate limited (status 429), retrying in 16085ms...
   ⏳ Rate limited (status 429), retrying in 2337ms...
   ⏳ Rate limited (status 429), retrying in 4000ms...
   ⏳ Rate limited (status 429), retrying in 8324ms...
   ⏳ Rate limited (status 429), retrying in 32201ms...
   ⏳ Rate limited (status 429), retrying in 16323ms...
   ⏳ Rate limited (status 429), retrying in 32226ms...
   ⏳ Rate limited (status 429), retrying in 64167ms...
   ⏳ Rate limited (status 429), retrying in 64378ms...
   ⏳ Rate limited (status 429), retrying in 2037ms...
   ⏳ Rate limited (status 429), retrying in 4307ms...
   ⏳ Rate limited (status 429), retrying in 2266ms...
   ⏳ Rate limited (status 429), retrying in 8291ms...
   ⏳ Rate limited (status 429), retrying in 4082ms...
   ⏳ Rate limited (status 429), retrying in 16391ms...
   ⏳ Rate limited (status 429), retrying in 8302ms...
   ⏳ Rate limited (status 429), retrying in 16350ms...
   ⏳ Rate limited (status 429), retrying in 32038ms...
   ⏳ Rate limited (status 429), retrying in 32437ms...
   ⏳ Rate limited (status 429), retrying in 64155ms...
   ⏳ Rate limited (status 429), retrying in 64163ms...
   ⏳ Rate limited (status 429), retrying in 2026ms...
   ⏳ Rate limited (status 429), retrying in 2235ms...
   ⏳ Rate limited (status 429), retrying in 4068ms...
   ⏳ Rate limited (status 429), retrying in 4238ms...
   ⏳ Rate limited (status 429), retrying in 8203ms...
   ⏳ Rate limited (status 429), retrying in 8253ms...
   ⏳ Rate limited (status 429), retrying in 16215ms...
   ⏳ Rate limited (status 429), retrying in 16114ms...
   ⏳ Rate limited (status 429), retrying in 32386ms...
   ⏳ Rate limited (status 429), retrying in 32475ms...
   ⏳ Rate limited (status 429), retrying in 64326ms...
   ⏳ Rate limited (status 429), retrying in 64190ms...
   ⏳ Rate limited (status 429), retrying in 2175ms...
   ⏳ Rate limited (status 429), retrying in 4084ms...
   ⏳ Rate limited (status 429), retrying in 8334ms...
   ⏳ Rate limited (status 429), retrying in 2375ms...
   ⏳ Rate limited (status 429), retrying in 4110ms...
   ⏳ Rate limited (status 429), retrying in 16308ms...
   ⏳ Rate limited (status 429), retrying in 8290ms...
   ⏳ Rate limited (status 429), retrying in 32308ms...
   ⏳ Rate limited (status 429), retrying in 16277ms...
   ⏳ Rate limited (status 429), retrying in 32118ms...
   ⏳ Rate limited (status 429), retrying in 64059ms...
   ⏳ Rate limited (status 429), retrying in 64062ms...
   ⏳ Rate limited (status 429), retrying in 2335ms...
   ⏳ Rate limited (status 429), retrying in 4481ms...
   ⏳ Rate limited (status 429), retrying in 8316ms...
   ⏳ Rate limited (status 429), retrying in 2054ms...
   ⏳ Rate limited (status 429), retrying in 4173ms...
   ⏳ Rate limited (status 429), retrying in 16163ms...
   ⏳ Rate limited (status 429), retrying in 8049ms...
   ⏳ Rate limited (status 429), retrying in 16456ms...
   ⏳ Rate limited (status 429), retrying in 32346ms...
   ⏳ Rate limited (status 429), retrying in 32144ms...
   ⏳ Rate limited (status 429), retrying in 64067ms...
   ⏳ Rate limited (status 429), retrying in 64212ms...
   ⏳ Rate limited (status 429), retrying in 2408ms...
   ⏳ Rate limited (status 429), retrying in 2188ms...
   ⏳ Rate limited (status 429), retrying in 4058ms...
   ⏳ Rate limited (status 429), retrying in 4122ms...
   ⏳ Rate limited (status 429), retrying in 8184ms...
   ⏳ Rate limited (status 429), retrying in 8211ms...
   ⏳ Rate limited (status 429), retrying in 16082ms...
   ⏳ Rate limited (status 429), retrying in 16187ms...
   ⏳ Rate limited (status 429), retrying in 32450ms...
   ⏳ Rate limited (status 429), retrying in 32287ms...
   ⏳ Rate limited (status 429), retrying in 64491ms...
   ⏳ Rate limited (status 429), retrying in 64433ms...
   ⏳ Rate limited (status 429), retrying in 2399ms...
   ⏳ Rate limited (status 429), retrying in 4465ms...
   ⏳ Rate limited (status 429), retrying in 8439ms...
   ⏳ Rate limited (status 429), retrying in 2009ms...
   ⏳ Rate limited (status 429), retrying in 4118ms...
   ⏳ Rate limited (status 429), retrying in 16339ms...
   ⏳ Rate limited (status 429), retrying in 8294ms...
   ⏳ Rate limited (status 429), retrying in 16046ms...
   ⏳ Rate limited (status 429), retrying in 32144ms...
   ⏳ Rate limited (status 429), retrying in 32001ms...
   ⏳ Rate limited (status 429), retrying in 64437ms...
   ⏳ Rate limited (status 429), retrying in 64485ms...
   ⏳ Rate limited (status 429), retrying in 2252ms...
   ⏳ Rate limited (status 429), retrying in 2176ms...
   ⏳ Rate limited (status 429), retrying in 4074ms...
   ⏳ Rate limited (status 429), retrying in 4289ms...
   ⏳ Rate limited (status 429), retrying in 8430ms...
   ⏳ Rate limited (status 429), retrying in 8074ms...
   ⏳ Rate limited (status 429), retrying in 16185ms...
   ⏳ Rate limited (status 429), retrying in 16077ms...
   ⏳ Rate limited (status 429), retrying in 32499ms...
   ⏳ Rate limited (status 429), retrying in 32421ms...
   ⏳ Rate limited (status 429), retrying in 64492ms...
   ⏳ Rate limited (status 429), retrying in 64287ms...
   ⏳ Rate limited (status 429), retrying in 2482ms...
   ⏳ Rate limited (status 429), retrying in 2410ms...
   ⏳ Rate limited (status 429), retrying in 4135ms...
   ⏳ Rate limited (status 429), retrying in 4105ms...
   ⏳ Rate limited (status 429), retrying in 8118ms...
   ⏳ Rate limited (status 429), retrying in 8412ms...
   ⏳ Rate limited (status 429), retrying in 16003ms...
   ⏳ Rate limited (status 429), retrying in 16153ms...
   ⏳ Rate limited (status 429), retrying in 32360ms...
   ⏳ Rate limited (status 429), retrying in 32447ms...
   ⏳ Rate limited (status 429), retrying in 64025ms...
   ⏳ Rate limited (status 429), retrying in 64369ms...
   ⏳ Rate limited (status 429), retrying in 2150ms...
   ⏳ Rate limited (status 429), retrying in 2451ms...
   ⏳ Rate limited (status 429), retrying in 4237ms...
   ⏳ Rate limited (status 429), retrying in 4068ms...
   ⏳ Rate limited (status 429), retrying in 8153ms...
   ⏳ Rate limited (status 429), retrying in 8365ms...
   ⏳ Rate limited (status 429), retrying in 16021ms...
   ⏳ Rate limited (status 429), retrying in 16043ms...
   ⏳ Rate limited (status 429), retrying in 32004ms...
   ⏳ Rate limited (status 429), retrying in 32067ms...
   ⏳ Rate limited (status 429), retrying in 64376ms...
   ⏳ Rate limited (status 429), retrying in 64036ms...
   ⏳ Rate limited (status 429), retrying in 2311ms...
   ⏳ Rate limited (status 429), retrying in 2333ms...
   ⏳ Rate limited (status 429), retrying in 2340ms...
   ⏳ Rate limited (status 429), retrying in 4482ms...
   ⏳ Rate limited (status 429), retrying in 4473ms...
   ⏳ Rate limited (status 429), retrying in 8464ms...
   ⏳ Rate limited (status 429), retrying in 8079ms...
   ⏳ Rate limited (status 429), retrying in 16304ms...
   ⏳ Rate limited (status 429), retrying in 16359ms...
   ⏳ Rate limited (status 429), retrying in 32341ms...
   ⏳ Rate limited (status 429), retrying in 32059ms...
   ⏳ Rate limited (status 429), retrying in 64142ms...
   ⏳ Rate limited (status 429), retrying in 64046ms...
   ⏳ Rate limited (status 429), retrying in 2077ms...
   ⏳ Rate limited (status 429), retrying in 2284ms...
   ⏳ Rate limited (status 429), retrying in 4330ms...
   ⏳ Rate limited (status 429), retrying in 4273ms...
   ⏳ Rate limited (status 429), retrying in 8211ms...
   ⏳ Rate limited (status 429), retrying in 8262ms...
   ⏳ Rate limited (status 429), retrying in 16159ms...
   ⏳ Rate limited (status 429), retrying in 16048ms...
   ⏳ Rate limited (status 429), retrying in 32459ms...
   ⏳ Rate limited (status 429), retrying in 32130ms...
   ⏳ Rate limited (status 429), retrying in 64218ms...
   ⏳ Rate limited (status 429), retrying in 64278ms...
   ⏳ Rate limited (status 429), retrying in 2164ms...
   ⏳ Rate limited (status 429), retrying in 2440ms...
   ⏳ Rate limited (status 429), retrying in 4183ms...
   ⏳ Rate limited (status 429), retrying in 4078ms...
   ⏳ Rate limited (status 429), retrying in 8021ms...
   ⏳ Rate limited (status 429), retrying in 8056ms...
   ⏳ Rate limited (status 429), retrying in 16223ms...
   ⏳ Rate limited (status 429), retrying in 16376ms...
   ⏳ Rate limited (status 429), retrying in 32220ms...
   ⏳ Rate limited (status 429), retrying in 32200ms...
   ⏳ Rate limited (status 429), retrying in 64420ms...
   ⏳ Rate limited (status 429), retrying in 64457ms...
   ⏳ Rate limited (status 429), retrying in 2083ms...
   ⏳ Rate limited (status 429), retrying in 2103ms...
   ⏳ Rate limited (status 429), retrying in 4421ms...
   ⏳ Rate limited (status 429), retrying in 4063ms...
   ⏳ Rate limited (status 429), retrying in 8466ms...
   ⏳ Rate limited (status 429), retrying in 8063ms...
   ⏳ Rate limited (status 429), retrying in 16479ms...
   ⏳ Rate limited (status 429), retrying in 16230ms...
   ⏳ Rate limited (status 429), retrying in 32258ms...
   ⏳ Rate limited (status 429), retrying in 32112ms...
   ⏳ Rate limited (status 429), retrying in 64143ms...
   ⏳ Rate limited (status 429), retrying in 64191ms...
   ⏳ Rate limited (status 429), retrying in 2047ms...
   ⏳ Rate limited (status 429), retrying in 2073ms...
   ⏳ Rate limited (status 429), retrying in 4176ms...
   ⏳ Rate limited (status 429), retrying in 4309ms...
   ⏳ Rate limited (status 429), retrying in 8354ms...
   ⏳ Rate limited (status 429), retrying in 8307ms...
   ⏳ Rate limited (status 429), retrying in 16196ms...
   ⏳ Rate limited (status 429), retrying in 16421ms...
   ⏳ Rate limited (status 429), retrying in 32054ms...
   ⏳ Rate limited (status 429), retrying in 32227ms...
   ⏳ Rate limited (status 429), retrying in 64243ms...
   ⏳ Rate limited (status 429), retrying in 64472ms...
   ⏳ Rate limited (status 429), retrying in 2069ms...
   ⏳ Rate limited (status 429), retrying in 2293ms...
   ⏳ Rate limited (status 429), retrying in 4406ms...
   ⏳ Rate limited (status 429), retrying in 4151ms...
   ⏳ Rate limited (status 429), retrying in 8242ms...
   ⏳ Rate limited (status 429), retrying in 8168ms...
   ⏳ Rate limited (status 429), retrying in 16011ms...
   ⏳ Rate limited (status 429), retrying in 16032ms...
   ⏳ Rate limited (status 429), retrying in 32089ms...
   ⏳ Rate limited (status 429), retrying in 32322ms...
   ⏳ Rate limited (status 429), retrying in 64220ms...
   ⏳ Rate limited (status 429), retrying in 64481ms...
   ⏳ Rate limited (status 429), retrying in 2051ms...
   ⏳ Rate limited (status 429), retrying in 2218ms...
   ⏳ Rate limited (status 429), retrying in 4167ms...
   ⏳ Rate limited (status 429), retrying in 4080ms...
   ⏳ Rate limited (status 429), retrying in 8437ms...
   ⏳ Rate limited (status 429), retrying in 8279ms...
   ⏳ Rate limited (status 429), retrying in 16230ms...
   ⏳ Rate limited (status 429), retrying in 16339ms...
   ⏳ Rate limited (status 429), retrying in 32050ms...
   ⏳ Rate limited (status 429), retrying in 32292ms...
   ⏳ Rate limited (status 429), retrying in 64132ms...
   ⏳ Rate limited (status 429), retrying in 64090ms...
   ⏳ Rate limited (status 429), retrying in 2414ms...
   ⏳ Rate limited (status 429), retrying in 4396ms...
   ⏳ Rate limited (status 429), retrying in 2436ms...
   ⏳ Rate limited (status 429), retrying in 8326ms...
   ⏳ Rate limited (status 429), retrying in 4448ms...
   ⏳ Rate limited (status 429), retrying in 16047ms...
   ⏳ Rate limited (status 429), retrying in 8348ms...
   ⏳ Rate limited (status 429), retrying in 32025ms...
   ⏳ Rate limited (status 429), retrying in 16479ms...
   ⏳ Rate limited (status 429), retrying in 32244ms...
   ⏳ Rate limited (status 429), retrying in 64424ms...
   ⏳ Rate limited (status 429), retrying in 64407ms...
   ⏳ Rate limited (status 429), retrying in 2251ms...
   ⏳ Rate limited (status 429), retrying in 4401ms...
   ⏳ Rate limited (status 429), retrying in 8055ms...
   ⏳ Rate limited (status 429), retrying in 2288ms...
   ⏳ Rate limited (status 429), retrying in 16002ms...
   ⏳ Rate limited (status 429), retrying in 4443ms...
   ⏳ Rate limited (status 429), retrying in 8056ms...
   ⏳ Rate limited (status 429), retrying in 32361ms...
   ⏳ Rate limited (status 429), retrying in 16301ms...
   ⏳ Rate limited (status 429), retrying in 32410ms...
   ⏳ Rate limited (status 429), retrying in 64024ms...
   ⏳ Rate limited (status 429), retrying in 64293ms...
   ⏳ Rate limited (status 429), retrying in 2119ms...
   ⏳ Rate limited (status 429), retrying in 4471ms...
   ⏳ Rate limited (status 429), retrying in 8451ms...
   ⏳ Rate limited (status 429), retrying in 2060ms...
   ⏳ Rate limited (status 429), retrying in 16049ms...
   ⏳ Rate limited (status 429), retrying in 4383ms...
   ⏳ Rate limited (status 429), retrying in 8411ms...
   ⏳ Rate limited (status 429), retrying in 32154ms...
   ⏳ Rate limited (status 429), retrying in 16271ms...
   ⏳ Rate limited (status 429), retrying in 32366ms...
   ⏳ Rate limited (status 429), retrying in 64485ms...
   ⏳ Rate limited (status 429), retrying in 64457ms...
   ⏳ Rate limited (status 429), retrying in 2336ms...
   ⏳ Rate limited (status 429), retrying in 4175ms...
   ⏳ Rate limited (status 429), retrying in 8130ms...
   ⏳ Rate limited (status 429), retrying in 16168ms...
   ⏳ Rate limited (status 429), retrying in 2039ms...
   ⏳ Rate limited (status 429), retrying in 32066ms...
   ⏳ Rate limited (status 429), retrying in 4206ms...
   ⏳ Rate limited (status 429), retrying in 8039ms...
   ⏳ Rate limited (status 429), retrying in 16472ms...
   ⏳ Rate limited (status 429), retrying in 64043ms...
   ⏳ Rate limited (status 429), retrying in 32054ms...
   ⏳ Rate limited (status 429), retrying in 64300ms...
   ⏳ Rate limited (status 429), retrying in 2162ms...
   ⏳ Rate limited (status 429), retrying in 4260ms...
   ⏳ Rate limited (status 429), retrying in 8337ms...
   ⏳ Rate limited (status 429), retrying in 16104ms...
   ⏳ Rate limited (status 429), retrying in 32222ms...
   ⏳ Rate limited (status 429), retrying in 2221ms...
   ⏳ Rate limited (status 429), retrying in 4432ms...
   ⏳ Rate limited (status 429), retrying in 64046ms...
   ⏳ Rate limited (status 429), retrying in 8268ms...
   ⏳ Rate limited (status 429), retrying in 16444ms...
   ⏳ Rate limited (status 429), retrying in 32244ms...
   ⏳ Rate limited (status 429), retrying in 2014ms...
   ⏳ Rate limited (status 429), retrying in 64485ms...
   ⏳ Rate limited (status 429), retrying in 4461ms...
   ⏳ Rate limited (status 429), retrying in 8353ms...
   ⏳ Rate limited (status 429), retrying in 16066ms...
   ⏳ Rate limited (status 429), retrying in 32141ms...
   ⏳ Rate limited (status 429), retrying in 2309ms...
   ⏳ Rate limited (status 429), retrying in 4122ms...
   ⏳ Rate limited (status 429), retrying in 8236ms...
   ⏳ Rate limited (status 429), retrying in 64379ms...
   ⏳ Rate limited (status 429), retrying in 16172ms...
   ⏳ Rate limited (status 429), retrying in 32080ms...
   ⏳ Rate limited (status 429), retrying in 64080ms...
   ⏳ Rate limited (status 429), retrying in 2423ms...
   ⏳ Rate limited (status 429), retrying in 4180ms...
   ⏳ Rate limited (status 429), retrying in 8457ms...
   ⏳ Rate limited (status 429), retrying in 16337ms...
   ⏳ Rate limited (status 429), retrying in 2187ms...
   ⏳ Rate limited (status 429), retrying in 4479ms...
   ⏳ Rate limited (status 429), retrying in 32083ms...
   ⏳ Rate limited (status 429), retrying in 8082ms...
   ⏳ Rate limited (status 429), retrying in 16310ms...
   ⏳ Rate limited (status 429), retrying in 64086ms...
   ⏳ Rate limited (status 429), retrying in 32082ms...
   ⏳ Rate limited (status 429), retrying in 64117ms...
   ⏳ Rate limited (status 429), retrying in 2107ms...
   ⏳ Rate limited (status 429), retrying in 4261ms...
   ⏳ Rate limited (status 429), retrying in 8226ms...
   ⏳ Rate limited (status 429), retrying in 16229ms...
   ⏳ Rate limited (status 429), retrying in 2456ms...
   ⏳ Rate limited (status 429), retrying in 32328ms...
   ⏳ Rate limited (status 429), retrying in 4251ms...
   ⏳ Rate limited (status 429), retrying in 8288ms...
   ⏳ Rate limited (status 429), retrying in 16075ms...
   ⏳ Rate limited (status 429), retrying in 64472ms...
   ⏳ Rate limited (status 429), retrying in 32323ms...
   ⏳ Rate limited (status 429), retrying in 64251ms...
   ⏳ Rate limited (status 429), retrying in 2303ms...
   ⏳ Rate limited (status 429), retrying in 4445ms...
   ⏳ Rate limited (status 429), retrying in 8305ms...
   ⏳ Rate limited (status 429), retrying in 16142ms...
   ⏳ Rate limited (status 429), retrying in 32163ms...
   ⏳ Rate limited (status 429), retrying in 2258ms...
   ⏳ Rate limited (status 429), retrying in 4414ms...
   ⏳ Rate limited (status 429), retrying in 8475ms...
   ⏳ Rate limited (status 429), retrying in 64287ms...
   ⏳ Rate limited (status 429), retrying in 16376ms...
   ⏳ Rate limited (status 429), retrying in 32438ms...
   ⏳ Rate limited (status 429), retrying in 64281ms...
   ⏳ Rate limited (status 429), retrying in 2469ms...
   ⏳ Rate limited (status 429), retrying in 4376ms...
   ⏳ Rate limited (status 429), retrying in 8314ms...
   ⏳ Rate limited (status 429), retrying in 16299ms...
   ⏳ Rate limited (status 429), retrying in 32019ms...
   ⏳ Rate limited (status 429), retrying in 2399ms...
   ⏳ Rate limited (status 429), retrying in 4033ms...
   ⏳ Rate limited (status 429), retrying in 8329ms...
   ⏳ Rate limited (status 429), retrying in 16377ms...
   ⏳ Rate limited (status 429), retrying in 64166ms...
   ⏳ Rate limited (status 429), retrying in 32481ms...
   ⏳ Rate limited (status 429), retrying in 64484ms...
   ⏳ Rate limited (status 429), retrying in 2353ms...
   ⏳ Rate limited (status 429), retrying in 4025ms...
   ⏳ Rate limited (status 429), retrying in 8176ms...
   ⏳ Rate limited (status 429), retrying in 16313ms...
   ⏳ Rate limited (status 429), retrying in 32012ms...
   ⏳ Rate limited (status 429), retrying in 2274ms...
   ⏳ Rate limited (status 429), retrying in 4468ms...
   ⏳ Rate limited (status 429), retrying in 8499ms...
   ⏳ Rate limited (status 429), retrying in 16427ms...
   ⏳ Rate limited (status 429), retrying in 64225ms...
   ⏳ Rate limited (status 429), retrying in 32349ms...
   ⏳ Rate limited (status 429), retrying in 64059ms...
   ⏳ Rate limited (status 429), retrying in 2035ms...
   ⏳ Rate limited (status 429), retrying in 4281ms...
   ⏳ Rate limited (status 429), retrying in 8005ms...
   ⏳ Rate limited (status 429), retrying in 16108ms...
   ⏳ Rate limited (status 429), retrying in 2121ms...
   ⏳ Rate limited (status 429), retrying in 32125ms...
   ⏳ Rate limited (status 429), retrying in 4241ms...
   ⏳ Rate limited (status 429), retrying in 8217ms...
   ⏳ Rate limited (status 429), retrying in 16480ms...
   ⏳ Rate limited (status 429), retrying in 64006ms...
   ⏳ Rate limited (status 429), retrying in 32169ms...
   ⏳ Rate limited (status 429), retrying in 64291ms...
   ⏳ Rate limited (status 429), retrying in 2229ms...
   ⏳ Rate limited (status 429), retrying in 4152ms...
   ⏳ Rate limited (status 429), retrying in 8490ms...
   ⏳ Rate limited (status 429), retrying in 2279ms...
   ⏳ Rate limited (status 429), retrying in 16463ms...
   ⏳ Rate limited (status 429), retrying in 4054ms...
   ⏳ Rate limited (status 429), retrying in 8051ms...
   ⏳ Rate limited (status 429), retrying in 32108ms...
   ⏳ Rate limited (status 429), retrying in 16347ms...
   ⏳ Rate limited (status 429), retrying in 32395ms...
   ⏳ Rate limited (status 429), retrying in 64331ms...
   ⏳ Rate limited (status 429), retrying in 64032ms...
   ⏳ Rate limited (status 429), retrying in 2185ms...
   ⏳ Rate limited (status 429), retrying in 4201ms...
   ⏳ Rate limited (status 429), retrying in 8035ms...
   ⏳ Rate limited (status 429), retrying in 16371ms...
   ⏳ Rate limited (status 429), retrying in 2105ms...
   ⏳ Rate limited (status 429), retrying in 4489ms...
   ⏳ Rate limited (status 429), retrying in 8400ms...
   ⏳ Rate limited (status 429), retrying in 32305ms...
