[dotenv@17.2.3] injecting env (0) from .env -- tip: 🔐 encrypt with Dotenvx: https://dotenvx.com
[dotenv@17.2.3] injecting env (4) from .env.local -- tip: ⚙️  specify custom .env file path with { path: '/custom/path/.env' }

🏷️  开始识别产品品牌和类别...

正在查询数据库...
找到 321 个未分类产品 (shard 3/4)

[1/321] designer-bag-1768442142751usto
   ⏳ Rate limited (status 429), retrying in 2430ms...
   ⏳ Rate limited (status 429), retrying in 2152ms...
   ⏳ Rate limited (status 429), retrying in 2433ms...
   ❌ 识别失败
   ⏳ Rate limited (status 429), retrying in 2122ms...
   ⏳ Rate limited (status 429), retrying in 2455ms...
   ⏳ Rate limited (status 429), retrying in 4403ms...
   ⏳ Rate limited (status 429), retrying in 2236ms...
   ⏳ Rate limited (status 429), retrying in 2341ms...
   ⏳ Rate limited (status 429), retrying in 4131ms...
   ⏳ Rate limited (status 429), retrying in 2201ms...
   ⏳ Rate limited (status 429), retrying in 2213ms...
   ⏳ Rate limited (status 429), retrying in 4328ms...
   ⏳ Rate limited (status 429), retrying in 2277ms...
   📁 Created category: Yves Saint Laurent
   📁 Created category: Wallet
   ⏳ Rate limited (status 429), retrying in 2393ms...
   ⏳ Rate limited (status 429), retrying in 2385ms...
   ⏳ Rate limited (status 429), retrying in 2032ms...
