[dotenv@17.2.3] injecting env (0) from .env -- tip: 🔐 prevent building .env in docker: https://dotenvx.com/prebuild
[dotenv@17.2.3] injecting env (4) from .env.local -- tip: ✅ audit secrets and track compliance: https://dotenvx.com/ops

🏷️  开始识别产品品牌和类别...

正在查询数据库...
找到 627 个未分类产品 (shard 2/2)

[1/627] designer-bag-1768442152957l1ed
   ❌ 识别失败
   ⏳ Rate limited (status 502), retrying in 2354ms...
   ⏳ Rate limited (status 502), retrying in 4065ms...
   ⏳ Rate limited (status 502), retrying in 8028ms...
   ⏳ Rate limited (status 502), retrying in 16417ms...
   ⏳ Rate limited (status 502), retrying in 32254ms...
   ⏳ Rate limited (status 502), retrying in 64215ms...
   📁 Created category: Necklace
   📁 Created category: Bracelet
   📁 Created category: Earrings
   📁 Created category: Earrings
   📁 Created category: Ring
   📁 Created category: Necklace
   📁 Created category: Earrings
   📁 Created category: Chain Strap
   📁 Created category: Necklace
   📁 Created category: Bracelet
   📁 Created category: Jewelry Set
   📁 Created category: Watch
   📁 Created category: Graff
   📁 Created category: Necklace
   📁 Created category: Gentle Monster
   📁 Created category: Sunglasses
   ⏳ Rate limited (status 502), retrying in 2135ms...
   📁 Created category: Eyeglasses
   ⏳ Rate limited (status 502), retrying in 4245ms...
   ⏳ Rate limited (status 502), retrying in 8279ms...
   📁 Created category: Eyeglasses
   ⏳ Rate limited (status 502), retrying in 16279ms...
   📁 Created category: Sunglasses
   📁 Created category: Sunglasses
   📁 Created category: Eyeglasses
   ⏳ Rate limited (status 502), retrying in 32176ms...
   ⏳ Rate limited (status 502), retrying in 64472ms...
[201/627] designer-bag-1768409190090xb3x
   ✅ Gentle Monster - Sunglasses
   ⏳ Rate limited (status 429), retrying in 2220ms...
   ⏳ Rate limited (status 429), retrying in 4492ms...
   ⏳ Rate limited (status 429), retrying in 2152ms...
   ⏳ Rate limited (status 429), retrying in 8151ms...
   ⏳ Rate limited (status 429), retrying in 4180ms...
   ⏳ Rate limited (status 429), retrying in 8083ms...
   ⏳ Rate limited (status 429), retrying in 16346ms...
   ⏳ Rate limited (status 429), retrying in 16106ms...
   ⏳ Rate limited (status 429), retrying in 32217ms...
   ⏳ Rate limited (status 429), retrying in 32236ms...
   ⏳ Rate limited (status 429), retrying in 64498ms...
   ⏳ Rate limited (status 429), retrying in 64109ms...
   ⏳ Rate limited (status 429), retrying in 2468ms...
   ⏳ Rate limited (status 429), retrying in 4011ms...
   ⏳ Rate limited (status 429), retrying in 8184ms...
   ⏳ Rate limited (status 429), retrying in 2282ms...
   ⏳ Rate limited (status 429), retrying in 4256ms...
   ⏳ Rate limited (status 429), retrying in 16057ms...
   ⏳ Rate limited (status 429), retrying in 8368ms...
   ⏳ Rate limited (status 429), retrying in 32032ms...
   ⏳ Rate limited (status 429), retrying in 16195ms...
   ⏳ Rate limited (status 429), retrying in 32296ms...
   ⏳ Rate limited (status 429), retrying in 64353ms...
   ⏳ Rate limited (status 429), retrying in 64287ms...
   ⏳ Rate limited (status 429), retrying in 2408ms...
   ⏳ Rate limited (status 429), retrying in 4274ms...
   ⏳ Rate limited (status 429), retrying in 8202ms...
   ⏳ Rate limited (status 429), retrying in 2481ms...
   ⏳ Rate limited (status 429), retrying in 16001ms...
   ⏳ Rate limited (status 429), retrying in 4409ms...
   ⏳ Rate limited (status 429), retrying in 8122ms...
   ⏳ Rate limited (status 429), retrying in 32451ms...
   ⏳ Rate limited (status 429), retrying in 16061ms...
   ⏳ Rate limited (status 429), retrying in 32299ms...
   ⏳ Rate limited (status 429), retrying in 64261ms...
   ⏳ Rate limited (status 429), retrying in 64398ms...
   ⏳ Rate limited (status 429), retrying in 2135ms...
   ⏳ Rate limited (status 429), retrying in 4438ms...
   ⏳ Rate limited (status 429), retrying in 2197ms...
   ⏳ Rate limited (status 429), retrying in 8433ms...
   ⏳ Rate limited (status 429), retrying in 4388ms...
   ⏳ Rate limited (status 429), retrying in 16444ms...
   ⏳ Rate limited (status 429), retrying in 8263ms...
   ⏳ Rate limited (status 429), retrying in 32135ms...
   ⏳ Rate limited (status 429), retrying in 16383ms...
   ⏳ Rate limited (status 429), retrying in 32269ms...
   ⏳ Rate limited (status 429), retrying in 64160ms...
   ⏳ Rate limited (status 429), retrying in 64006ms...
   ⏳ Rate limited (status 429), retrying in 2271ms...
   ⏳ Rate limited (status 429), retrying in 4200ms...
   ⏳ Rate limited (status 429), retrying in 2010ms...
   ⏳ Rate limited (status 429), retrying in 8125ms...
   ⏳ Rate limited (status 429), retrying in 4187ms...
   ⏳ Rate limited (status 429), retrying in 16325ms...
   ⏳ Rate limited (status 429), retrying in 8440ms...
   ⏳ Rate limited (status 429), retrying in 32248ms...
   ⏳ Rate limited (status 429), retrying in 16380ms...
   ⏳ Rate limited (status 429), retrying in 32299ms...
   ⏳ Rate limited (status 429), retrying in 64217ms...
   ⏳ Rate limited (status 429), retrying in 64303ms...
   ⏳ Rate limited (status 429), retrying in 2245ms...
   ⏳ Rate limited (status 429), retrying in 4426ms...
   ⏳ Rate limited (status 429), retrying in 8059ms...
   ⏳ Rate limited (status 429), retrying in 2066ms...
   ⏳ Rate limited (status 429), retrying in 4166ms...
   ⏳ Rate limited (status 429), retrying in 16173ms...
   ⏳ Rate limited (status 429), retrying in 8082ms...
   ⏳ Rate limited (status 429), retrying in 16303ms...
   ⏳ Rate limited (status 429), retrying in 32154ms...
   ⏳ Rate limited (status 429), retrying in 32219ms...
   ⏳ Rate limited (status 429), retrying in 64404ms...
   ⏳ Rate limited (status 429), retrying in 64031ms...
   ⏳ Rate limited (status 429), retrying in 2443ms...
   ⏳ Rate limited (status 429), retrying in 4301ms...
   ⏳ Rate limited (status 429), retrying in 8093ms...
   ⏳ Rate limited (status 429), retrying in 2069ms...
   ⏳ Rate limited (status 429), retrying in 4281ms...
   ⏳ Rate limited (status 429), retrying in 16205ms...
   ⏳ Rate limited (status 429), retrying in 8107ms...
   ⏳ Rate limited (status 429), retrying in 16030ms...
   ⏳ Rate limited (status 429), retrying in 32309ms...
   ⏳ Rate limited (status 429), retrying in 32418ms...
   ⏳ Rate limited (status 429), retrying in 64355ms...
   ⏳ Rate limited (status 429), retrying in 64356ms...
   ⏳ Rate limited (status 429), retrying in 2480ms...
   ⏳ Rate limited (status 429), retrying in 4304ms...
   ⏳ Rate limited (status 429), retrying in 8245ms...
   ⏳ Rate limited (status 429), retrying in 2416ms...
   ⏳ Rate limited (status 429), retrying in 4368ms...
   ⏳ Rate limited (status 429), retrying in 16020ms...
   ⏳ Rate limited (status 429), retrying in 8092ms...
   ⏳ Rate limited (status 429), retrying in 16110ms...
   ⏳ Rate limited (status 429), retrying in 32048ms...
   ⏳ Rate limited (status 429), retrying in 32182ms...
   ⏳ Rate limited (status 429), retrying in 64109ms...
   ⏳ Rate limited (status 429), retrying in 64365ms...
   ⏳ Rate limited (status 429), retrying in 2386ms...
   ⏳ Rate limited (status 429), retrying in 4267ms...
   ⏳ Rate limited (status 429), retrying in 8144ms...
   ⏳ Rate limited (status 429), retrying in 2108ms...
   ⏳ Rate limited (status 429), retrying in 4248ms...
   ⏳ Rate limited (status 429), retrying in 8078ms...
   ⏳ Rate limited (status 429), retrying in 16121ms...
   ⏳ Rate limited (status 429), retrying in 16409ms...
   ⏳ Rate limited (status 429), retrying in 32490ms...
   ⏳ Rate limited (status 429), retrying in 32018ms...
   ⏳ Rate limited (status 429), retrying in 64018ms...
   ⏳ Rate limited (status 429), retrying in 64159ms...
   ⏳ Rate limited (status 429), retrying in 2416ms...
   ⏳ Rate limited (status 429), retrying in 2099ms...
   ⏳ Rate limited (status 429), retrying in 4007ms...
   ⏳ Rate limited (status 429), retrying in 4056ms...
   ⏳ Rate limited (status 429), retrying in 8221ms...
   ⏳ Rate limited (status 429), retrying in 8282ms...
   ⏳ Rate limited (status 429), retrying in 16360ms...
   ⏳ Rate limited (status 429), retrying in 16361ms...
   ⏳ Rate limited (status 429), retrying in 32331ms...
   ⏳ Rate limited (status 429), retrying in 32065ms...
   ⏳ Rate limited (status 429), retrying in 64127ms...
   ⏳ Rate limited (status 429), retrying in 64105ms...
   ⏳ Rate limited (status 429), retrying in 2166ms...
   ⏳ Rate limited (status 429), retrying in 2043ms...
   ⏳ Rate limited (status 429), retrying in 4211ms...
   ⏳ Rate limited (status 429), retrying in 4161ms...
   ⏳ Rate limited (status 429), retrying in 8471ms...
   ⏳ Rate limited (status 429), retrying in 8026ms...
   ⏳ Rate limited (status 429), retrying in 16223ms...
   ⏳ Rate limited (status 429), retrying in 16119ms...
   ⏳ Rate limited (status 429), retrying in 32491ms...
   ⏳ Rate limited (status 429), retrying in 32025ms...
   ⏳ Rate limited (status 429), retrying in 64448ms...
   ⏳ Rate limited (status 429), retrying in 64353ms...
   ⏳ Rate limited (status 429), retrying in 2265ms...
   ⏳ Rate limited (status 429), retrying in 2001ms...
   ⏳ Rate limited (status 429), retrying in 4112ms...
   ⏳ Rate limited (status 429), retrying in 4440ms...
   ⏳ Rate limited (status 429), retrying in 8005ms...
   ⏳ Rate limited (status 429), retrying in 8057ms...
   ⏳ Rate limited (status 429), retrying in 16175ms...
   ⏳ Rate limited (status 429), retrying in 16415ms...
   ⏳ Rate limited (status 429), retrying in 32281ms...
   ⏳ Rate limited (status 429), retrying in 32400ms...
   ⏳ Rate limited (status 429), retrying in 64085ms...
   ⏳ Rate limited (status 429), retrying in 64286ms...
   ⏳ Rate limited (status 429), retrying in 2190ms...
   ⏳ Rate limited (status 429), retrying in 2141ms...
   ⏳ Rate limited (status 429), retrying in 4468ms...
   ⏳ Rate limited (status 429), retrying in 4359ms...
   ⏳ Rate limited (status 429), retrying in 8159ms...
   ⏳ Rate limited (status 429), retrying in 8271ms...
   ⏳ Rate limited (status 429), retrying in 16171ms...
   ⏳ Rate limited (status 429), retrying in 16286ms...
   ⏳ Rate limited (status 429), retrying in 32474ms...
   ⏳ Rate limited (status 429), retrying in 32419ms...
   ⏳ Rate limited (status 429), retrying in 64077ms...
   ⏳ Rate limited (status 429), retrying in 64209ms...
   ⏳ Rate limited (status 429), retrying in 2182ms...
   ⏳ Rate limited (status 429), retrying in 2095ms...
   ⏳ Rate limited (status 429), retrying in 4115ms...
   ⏳ Rate limited (status 429), retrying in 4306ms...
   ⏳ Rate limited (status 429), retrying in 8476ms...
   ⏳ Rate limited (status 429), retrying in 8024ms...
   ⏳ Rate limited (status 429), retrying in 16340ms...
   ⏳ Rate limited (status 429), retrying in 16108ms...
   ⏳ Rate limited (status 429), retrying in 32082ms...
   ⏳ Rate limited (status 429), retrying in 32081ms...
   ⏳ Rate limited (status 429), retrying in 64289ms...
   ⏳ Rate limited (status 429), retrying in 64181ms...
   ⏳ Rate limited (status 429), retrying in 2155ms...
   ⏳ Rate limited (status 429), retrying in 2328ms...
   ⏳ Rate limited (status 429), retrying in 4247ms...
   ⏳ Rate limited (status 429), retrying in 4457ms...
   ⏳ Rate limited (status 429), retrying in 8419ms...
   ⏳ Rate limited (status 429), retrying in 8410ms...
   ⏳ Rate limited (status 429), retrying in 16146ms...
   ⏳ Rate limited (status 429), retrying in 16138ms...
   ⏳ Rate limited (status 429), retrying in 32349ms...
   ⏳ Rate limited (status 429), retrying in 32088ms...
   ⏳ Rate limited (status 429), retrying in 64401ms...
   ⏳ Rate limited (status 429), retrying in 64102ms...
   ⏳ Rate limited (status 429), retrying in 2299ms...
   ⏳ Rate limited (status 429), retrying in 2158ms...
   ⏳ Rate limited (status 429), retrying in 4478ms...
   ⏳ Rate limited (status 429), retrying in 4128ms...
   ⏳ Rate limited (status 429), retrying in 8114ms...
   ⏳ Rate limited (status 429), retrying in 8361ms...
   ⏳ Rate limited (status 429), retrying in 16091ms...
   ⏳ Rate limited (status 429), retrying in 16112ms...
   ⏳ Rate limited (status 429), retrying in 32398ms...
   ⏳ Rate limited (status 429), retrying in 32052ms...
   ⏳ Rate limited (status 429), retrying in 64251ms...
   ⏳ Rate limited (status 429), retrying in 64057ms...
   ⏳ Rate limited (status 429), retrying in 2383ms...
   ⏳ Rate limited (status 429), retrying in 2308ms...
   ⏳ Rate limited (status 429), retrying in 4083ms...
   ⏳ Rate limited (status 429), retrying in 4218ms...
   ⏳ Rate limited (status 429), retrying in 8301ms...
   ⏳ Rate limited (status 429), retrying in 8192ms...
   ⏳ Rate limited (status 429), retrying in 16193ms...
   ⏳ Rate limited (status 429), retrying in 16016ms...
   ⏳ Rate limited (status 429), retrying in 32437ms...
   ⏳ Rate limited (status 429), retrying in 32092ms...
   ⏳ Rate limited (status 429), retrying in 64251ms...
   ⏳ Rate limited (status 429), retrying in 64283ms...
   ⏳ Rate limited (status 429), retrying in 2102ms...
   ⏳ Rate limited (status 429), retrying in 2043ms...
   ⏳ Rate limited (status 429), retrying in 4005ms...
   ⏳ Rate limited (status 429), retrying in 4072ms...
   ⏳ Rate limited (status 429), retrying in 8307ms...
   ⏳ Rate limited (status 429), retrying in 8424ms...
   ⏳ Rate limited (status 429), retrying in 16311ms...
   ⏳ Rate limited (status 429), retrying in 16191ms...
   ⏳ Rate limited (status 429), retrying in 32466ms...
   ⏳ Rate limited (status 429), retrying in 32299ms...
   ⏳ Rate limited (status 429), retrying in 64292ms...
   ⏳ Rate limited (status 429), retrying in 64416ms...
   ⏳ Rate limited (status 429), retrying in 2269ms...
   ⏳ Rate limited (status 429), retrying in 4178ms...
   ⏳ Rate limited (status 429), retrying in 2471ms...
   ⏳ Rate limited (status 429), retrying in 8275ms...
   ⏳ Rate limited (status 429), retrying in 4140ms...
   ⏳ Rate limited (status 429), retrying in 8054ms...
   ⏳ Rate limited (status 429), retrying in 16399ms...
   ⏳ Rate limited (status 429), retrying in 16116ms...
   ⏳ Rate limited (status 429), retrying in 32150ms...
   ⏳ Rate limited (status 429), retrying in 32273ms...
   ⏳ Rate limited (status 429), retrying in 64167ms...
   ⏳ Rate limited (status 429), retrying in 64382ms...
   ⏳ Rate limited (status 429), retrying in 2271ms...
   ⏳ Rate limited (status 429), retrying in 2315ms...
   ⏳ Rate limited (status 429), retrying in 4031ms...
   ⏳ Rate limited (status 429), retrying in 4042ms...
   ⏳ Rate limited (status 429), retrying in 8063ms...
   ⏳ Rate limited (status 429), retrying in 8000ms...
   ⏳ Rate limited (status 429), retrying in 16319ms...
   ⏳ Rate limited (status 429), retrying in 16473ms...
   ⏳ Rate limited (status 429), retrying in 32094ms...
   ⏳ Rate limited (status 429), retrying in 32408ms...
   ⏳ Rate limited (status 429), retrying in 64023ms...
   ⏳ Rate limited (status 429), retrying in 64018ms...
   ⏳ Rate limited (status 429), retrying in 2226ms...
   ⏳ Rate limited (status 429), retrying in 4290ms...
   ⏳ Rate limited (status 429), retrying in 2219ms...
   ⏳ Rate limited (status 429), retrying in 8384ms...
   ⏳ Rate limited (status 429), retrying in 4159ms...
   ⏳ Rate limited (status 429), retrying in 8288ms...
   ⏳ Rate limited (status 429), retrying in 16001ms...
   ⏳ Rate limited (status 429), retrying in 16140ms...
   ⏳ Rate limited (status 429), retrying in 32231ms...
   ⏳ Rate limited (status 429), retrying in 32499ms...
   ⏳ Rate limited (status 429), retrying in 64453ms...
   ⏳ Rate limited (status 429), retrying in 64322ms...
   ⏳ Rate limited (status 429), retrying in 2137ms...
   ⏳ Rate limited (status 429), retrying in 2267ms...
   ⏳ Rate limited (status 429), retrying in 4220ms...
   ⏳ Rate limited (status 429), retrying in 4317ms...
   ⏳ Rate limited (status 429), retrying in 8253ms...
   ⏳ Rate limited (status 429), retrying in 8408ms...
   ⏳ Rate limited (status 429), retrying in 16060ms...
   ⏳ Rate limited (status 429), retrying in 16083ms...
   ⏳ Rate limited (status 429), retrying in 32435ms...
   ⏳ Rate limited (status 429), retrying in 32129ms...
   ⏳ Rate limited (status 429), retrying in 64009ms...
   ⏳ Rate limited (status 429), retrying in 64286ms...
   ⏳ Rate limited (status 429), retrying in 2472ms...
   ⏳ Rate limited (status 429), retrying in 4416ms...
   ⏳ Rate limited (status 429), retrying in 2101ms...
   ⏳ Rate limited (status 429), retrying in 8358ms...
   ⏳ Rate limited (status 429), retrying in 4317ms...
   ⏳ Rate limited (status 429), retrying in 16368ms...
   ⏳ Rate limited (status 429), retrying in 8079ms...
   ⏳ Rate limited (status 429), retrying in 16288ms...
   ⏳ Rate limited (status 429), retrying in 32053ms...
   ⏳ Rate limited (status 429), retrying in 32442ms...
   ⏳ Rate limited (status 429), retrying in 64362ms...
   ⏳ Rate limited (status 429), retrying in 64051ms...
   ⏳ Rate limited (status 429), retrying in 2169ms...
   ⏳ Rate limited (status 429), retrying in 2362ms...
   ⏳ Rate limited (status 429), retrying in 4021ms...
   ⏳ Rate limited (status 429), retrying in 4377ms...
   ⏳ Rate limited (status 429), retrying in 8461ms...
   ⏳ Rate limited (status 429), retrying in 8442ms...
   ⏳ Rate limited (status 429), retrying in 16355ms...
   ⏳ Rate limited (status 429), retrying in 2006ms...
   ⏳ Rate limited (status 429), retrying in 4138ms...
   ⏳ Rate limited (status 429), retrying in 32159ms...
   ⏳ Rate limited (status 429), retrying in 8430ms...
   ⏳ Rate limited (status 429), retrying in 16128ms...
   ⏳ Rate limited (status 429), retrying in 64310ms...
   ⏳ Rate limited (status 429), retrying in 32375ms...
   ⏳ Rate limited (status 429), retrying in 64228ms...
   ⏳ Rate limited (status 429), retrying in 2046ms...
   ⏳ Rate limited (status 429), retrying in 4114ms...
   ⏳ Rate limited (status 429), retrying in 8427ms...
   ⏳ Rate limited (status 429), retrying in 16317ms...
   ⏳ Rate limited (status 429), retrying in 32058ms...
   ⏳ Rate limited (status 429), retrying in 2360ms...
   ⏳ Rate limited (status 429), retrying in 4394ms...
   ⏳ Rate limited (status 429), retrying in 8406ms...
   ⏳ Rate limited (status 429), retrying in 16290ms...
   ⏳ Rate limited (status 429), retrying in 64064ms...
   ⏳ Rate limited (status 429), retrying in 32285ms...
   ⏳ Rate limited (status 429), retrying in 64339ms...
   ⏳ Rate limited (status 429), retrying in 2293ms...
   ⏳ Rate limited (status 429), retrying in 4267ms...
   ⏳ Rate limited (status 429), retrying in 8382ms...
   ⏳ Rate limited (status 429), retrying in 16109ms...
   ⏳ Rate limited (status 429), retrying in 2190ms...
   ⏳ Rate limited (status 429), retrying in 4237ms...
   ⏳ Rate limited (status 429), retrying in 8008ms...
   ⏳ Rate limited (status 429), retrying in 32124ms...
   ⏳ Rate limited (status 429), retrying in 16403ms...
   ⏳ Rate limited (status 429), retrying in 32351ms...
   ⏳ Rate limited (status 429), retrying in 64066ms...
   ⏳ Rate limited (status 429), retrying in 64286ms...
   ⏳ Rate limited (status 429), retrying in 2420ms...
   ⏳ Rate limited (status 429), retrying in 4105ms...
   ⏳ Rate limited (status 429), retrying in 8315ms...
   ⏳ Rate limited (status 429), retrying in 2389ms...
   ⏳ Rate limited (status 429), retrying in 4282ms...
   ⏳ Rate limited (status 429), retrying in 16154ms...
   ⏳ Rate limited (status 429), retrying in 8037ms...
   ⏳ Rate limited (status 429), retrying in 32202ms...
   ⏳ Rate limited (status 429), retrying in 16489ms...
   ⏳ Rate limited (status 429), retrying in 32367ms...
   ⏳ Rate limited (status 429), retrying in 64249ms...
   ⏳ Rate limited (status 429), retrying in 64217ms...
   ⏳ Rate limited (status 429), retrying in 2469ms...
   ⏳ Rate limited (status 429), retrying in 4382ms...
   ⏳ Rate limited (status 429), retrying in 8192ms...
   ⏳ Rate limited (status 429), retrying in 16467ms...
   ⏳ Rate limited (status 429), retrying in 2325ms...
   ⏳ Rate limited (status 429), retrying in 32219ms...
   ⏳ Rate limited (status 429), retrying in 4322ms...
   ⏳ Rate limited (status 429), retrying in 8223ms...
   ⏳ Rate limited (status 429), retrying in 16300ms...
   ⏳ Rate limited (status 429), retrying in 64083ms...
   ⏳ Rate limited (status 429), retrying in 32390ms...
   ⏳ Rate limited (status 429), retrying in 64415ms...
   ⏳ Rate limited (status 429), retrying in 2430ms...
   ⏳ Rate limited (status 429), retrying in 4365ms...
   ⏳ Rate limited (status 429), retrying in 8260ms...
   ⏳ Rate limited (status 429), retrying in 16441ms...
   ⏳ Rate limited (status 429), retrying in 32367ms...
   ⏳ Rate limited (status 429), retrying in 2082ms...
   ⏳ Rate limited (status 429), retrying in 4285ms...
   ⏳ Rate limited (status 429), retrying in 8037ms...
   ⏳ Rate limited (status 429), retrying in 64082ms...
   ⏳ Rate limited (status 429), retrying in 16437ms...
   ⏳ Rate limited (status 429), retrying in 32227ms...
   ⏳ Rate limited (status 429), retrying in 64061ms...
   ⏳ Rate limited (status 429), retrying in 2002ms...
   ⏳ Rate limited (status 429), retrying in 4279ms...
   ⏳ Rate limited (status 429), retrying in 8064ms...
   ⏳ Rate limited (status 429), retrying in 16068ms...
   ⏳ Rate limited (status 429), retrying in 32444ms...
   ⏳ Rate limited (status 429), retrying in 2297ms...
   ⏳ Rate limited (status 429), retrying in 4058ms...
   ⏳ Rate limited (status 429), retrying in 64301ms...
   ⏳ Rate limited (status 429), retrying in 8042ms...
   ⏳ Rate limited (status 429), retrying in 16157ms...
   ⏳ Rate limited (status 429), retrying in 32044ms...
   ⏳ Rate limited (status 429), retrying in 2365ms...
   ⏳ Rate limited (status 429), retrying in 64018ms...
   ⏳ Rate limited (status 429), retrying in 4415ms...
   ⏳ Rate limited (status 429), retrying in 8335ms...
   ⏳ Rate limited (status 429), retrying in 16190ms...
   ⏳ Rate limited (status 429), retrying in 2274ms...
   ⏳ Rate limited (status 429), retrying in 4470ms...
   ⏳ Rate limited (status 429), retrying in 2410ms...
   ⏳ Rate limited (status 429), retrying in 8422ms...
   ⏳ Rate limited (status 429), retrying in 4491ms...
   ⏳ Rate limited (status 429), retrying in 8459ms...
   ⏳ Rate limited (status 429), retrying in 16209ms...
   ⏳ Rate limited (status 429), retrying in 16077ms...
   ⏳ Rate limited (status 429), retrying in 32345ms...
   ⏳ Rate limited (status 429), retrying in 32139ms...
   ⏳ Rate limited (status 429), retrying in 64024ms...
   ⏳ Rate limited (status 429), retrying in 64266ms...
   ⏳ Rate limited (status 429), retrying in 2298ms...
   ⏳ Rate limited (status 429), retrying in 4127ms...
   ⏳ Rate limited (status 429), retrying in 2358ms...
   ⏳ Rate limited (status 429), retrying in 8247ms...
   ⏳ Rate limited (status 429), retrying in 4099ms...
   ⏳ Rate limited (status 429), retrying in 8093ms...
   ⏳ Rate limited (status 429), retrying in 16336ms...
   ⏳ Rate limited (status 429), retrying in 16026ms...
   ⏳ Rate limited (status 429), retrying in 32275ms...
   ⏳ Rate limited (status 429), retrying in 32329ms...
   ⏳ Rate limited (status 429), retrying in 64438ms...
   ⏳ Rate limited (status 429), retrying in 64148ms...
   ⏳ Rate limited (status 429), retrying in 2217ms...
   ⏳ Rate limited (status 429), retrying in 4045ms...
   ⏳ Rate limited (status 429), retrying in 2480ms...
   ⏳ Rate limited (status 429), retrying in 4286ms...
   ⏳ Rate limited (status 429), retrying in 8152ms...
   ⏳ Rate limited (status 429), retrying in 8059ms...
   ⏳ Rate limited (status 429), retrying in 16344ms...
   ⏳ Rate limited (status 429), retrying in 16049ms...
   ⏳ Rate limited (status 429), retrying in 32363ms...
   ⏳ Rate limited (status 429), retrying in 32317ms...
   ⏳ Rate limited (status 429), retrying in 64225ms...
   ⏳ Rate limited (status 429), retrying in 64465ms...
   ⏳ Rate limited (status 429), retrying in 2012ms...
   ⏳ Rate limited (status 429), retrying in 2001ms...
   ⏳ Rate limited (status 429), retrying in 4135ms...
   ⏳ Rate limited (status 429), retrying in 4121ms...
   ⏳ Rate limited (status 429), retrying in 8283ms...
   ⏳ Rate limited (status 429), retrying in 8278ms...
   ⏳ Rate limited (status 429), retrying in 16115ms...
   ⏳ Rate limited (status 429), retrying in 16490ms...
   ⏳ Rate limited (status 429), retrying in 32301ms...
   ⏳ Rate limited (status 429), retrying in 32222ms...
   ⏳ Rate limited (status 429), retrying in 64281ms...
   ⏳ Rate limited (status 429), retrying in 64361ms...
   ⏳ Rate limited (status 429), retrying in 2286ms...
   ⏳ Rate limited (status 429), retrying in 2344ms...
   ⏳ Rate limited (status 429), retrying in 4137ms...
   ⏳ Rate limited (status 429), retrying in 4073ms...
   ⏳ Rate limited (status 429), retrying in 8355ms...
   ⏳ Rate limited (status 429), retrying in 8473ms...
   ⏳ Rate limited (status 429), retrying in 16125ms...
   ⏳ Rate limited (status 429), retrying in 16177ms...
   ⏳ Rate limited (status 429), retrying in 32321ms...
   ⏳ Rate limited (status 429), retrying in 2173ms...
   ⏳ Rate limited (status 429), retrying in 4024ms...
   ⏳ Rate limited (status 429), retrying in 8173ms...
   ⏳ Rate limited (status 429), retrying in 16403ms...
   ⏳ Rate limited (status 429), retrying in 64349ms...
   ⏳ Rate limited (status 429), retrying in 32022ms...
   ⏳ Rate limited (status 429), retrying in 64277ms...
   ⏳ Rate limited (status 429), retrying in 2120ms...
   ⏳ Rate limited (status 429), retrying in 4181ms...
   ⏳ Rate limited (status 429), retrying in 8428ms...
   ⏳ Rate limited (status 429), retrying in 16102ms...
   ⏳ Rate limited (status 429), retrying in 2073ms...
   ⏳ Rate limited (status 429), retrying in 4416ms...
   ⏳ Rate limited (status 429), retrying in 32161ms...
   ⏳ Rate limited (status 429), retrying in 8218ms...
   ⏳ Rate limited (status 429), retrying in 16387ms...
   ⏳ Rate limited (status 429), retrying in 64134ms...
   ⏳ Rate limited (status 429), retrying in 32252ms...
   ⏳ Rate limited (status 429), retrying in 64035ms...
   ⏳ Rate limited (status 429), retrying in 2072ms...
   ⏳ Rate limited (status 429), retrying in 4443ms...
   ⏳ Rate limited (status 429), retrying in 8154ms...
   ⏳ Rate limited (status 429), retrying in 16456ms...
   ⏳ Rate limited (status 429), retrying in 2047ms...
   ⏳ Rate limited (status 429), retrying in 4014ms...
   ⏳ Rate limited (status 429), retrying in 32072ms...
   ⏳ Rate limited (status 429), retrying in 8059ms...
   ⏳ Rate limited (status 429), retrying in 16438ms...
   ⏳ Rate limited (status 429), retrying in 64033ms...
   ⏳ Rate limited (status 429), retrying in 32026ms...
   ⏳ Rate limited (status 429), retrying in 64437ms...
   ⏳ Rate limited (status 429), retrying in 2402ms...
   ⏳ Rate limited (status 429), retrying in 4429ms...
   ⏳ Rate limited (status 429), retrying in 8010ms...
