[dotenv@17.2.3] injecting env (0) from .env -- tip: 📡 add observability to secrets: https://dotenvx.com/ops
[dotenv@17.2.3] injecting env (4) from .env.local -- tip: 🛠️  run anywhere with `dotenvx run -- yourcommand`

🏷️  开始识别产品品牌和类别...

正在查询数据库...
找到 321 个未分类产品 (shard 4/4)

[1/321] designer-bag-1768442119544jfai
   ❌ 识别失败
   ⏳ Rate limited (status 429), retrying in 2396ms...
   ⏳ Rate limited (status 429), retrying in 2046ms...
   ⏳ Rate limited (status 429), retrying in 2281ms...
   ⏳ Rate limited (status 429), retrying in 2059ms...
   ⏳ Rate limited (status 429), retrying in 4237ms...
   ⏳ Rate limited (status 429), retrying in 4145ms...
   ⏳ Rate limited (status 429), retrying in 8455ms...
   ⏳ Rate limited (status 429), retrying in 2226ms...
   ⏳ Rate limited (status 429), retrying in 8013ms...
   ⏳ Rate limited (status 429), retrying in 16205ms...
   ⏳ Rate limited (status 429), retrying in 2283ms...
   ⏳ Rate limited (status 429), retrying in 16254ms...
   ⏳ Rate limited (status 429), retrying in 4363ms...
   ⏳ Rate limited (status 429), retrying in 4403ms...
   ⏳ Rate limited (status 429), retrying in 2490ms...
   ⏳ Rate limited (status 429), retrying in 8221ms...
